Arguments: 
  /Users/eunsoo/.nvm/versions/node/v16.14.2/bin/node /Users/eunsoo/.nvm/versions/node/v16.14.2/bin/yarn add .git

PATH: 
  /Users/eunsoo/.nvm/versions/node/v16.14.2/bin:/usr/local/bin:/usr/bin:/bin:/usr/sbin:/sbin:/Users/eunsoo/.yarn/bin:/Users/eunsoo/.nvm/versions/node/v16.14.2/bin:/opt/homebrew/bin:/opt/homebrew/sbin

Yarn version: 
  1.22.19

Node version: 
  16.14.2

Platform: 
  darwin arm64

Trace: 
  Error: https://registry.yarnpkg.com/.git: Not found
      at Request.params.callback [as _callback] (/Users/eunsoo/.nvm/versions/node/v16.14.2/lib/node_modules/yarn/lib/cli.js:66145:18)
      at Request.self.callback (/Users/eunsoo/.nvm/versions/node/v16.14.2/lib/node_modules/yarn/lib/cli.js:140890:22)
      at Request.emit (node:events:526:28)
      at Request.<anonymous> (/Users/eunsoo/.nvm/versions/node/v16.14.2/lib/node_modules/yarn/lib/cli.js:141862:10)
      at Request.emit (node:events:526:28)
      at IncomingMessage.<anonymous> (/Users/eunsoo/.nvm/versions/node/v16.14.2/lib/node_modules/yarn/lib/cli.js:141784:12)
      at Object.onceWrapper (node:events:645:28)
      at IncomingMessage.emit (node:events:538:35)
      at endReadableNT (node:internal/streams/readable:1345:12)
      at processTicksAndRejections (node:internal/process/task_queues:83:21)

npm manifest: 
  {
    "name": "@rory/prettier-config",
    "version": "1.0.0",
    "description": "Shareable prettier config for rory projects",
    "main": "index.js",
    "scripts": {
      "test": "echo \"Error: no test specified\" && exit 1"
    },
    "author": "Eunsoo Sa",
    "license": "ISC",
    "devDependencies": {
      "@types/prettier": "^2.7.2",
      "prettier": "2.8.8"
    },
    "peerDependencies": {
      "prettier": "2.8.8"
    },
    "publishConfig": {
      "access": "public"
    }
  }

yarn manifest: 
  No manifest

Lockfile: 
  # THIS IS AN AUTOGENERATED FILE. DO NOT EDIT THIS FILE DIRECTLY.
  # yarn lockfile v1
  
  
  "@types/prettier@^2.7.2":
    "integrity" "sha512-KufADq8uQqo1pYKVIYzfKbJfBAc0sOeXqGbFaSpv8MRmC/zXgowNZmFcbngndGk922QDmOASEXUZCaY48gs4cg=="
    "resolved" "https://registry.npmjs.org/@types/prettier/-/prettier-2.7.2.tgz"
    "version" "2.7.2"
  
  "prettier@2.8.8":
    "integrity" "sha512-tdN8qQGvNjw4CHbY+XXk0JgCXn9QiF21a55rBe5LJAU+kDyC4WQn4+awm2Xfk2lQMk5fKup9XgzTZtGkjBdP9Q=="
    "resolved" "https://registry.npmjs.org/prettier/-/prettier-2.8.8.tgz"
    "version" "2.8.8"
